2018/06/05 14:55:15 にビルドを開始しました。
     1>ノード 2 上のプロジェクト "C:\Users\fushianasan\Desktop\SH_MusicGame_ES\ES Game Library\ES Game Library.vcxproj" (Build ターゲット)。
     1>ClCompile:
         C:\Program Files (x86)\Microsoft Visual Studio 12.0\VC\bin\CL.exe /c /ZI /nologo /W3 /WX- /Od /Oy- /D WIN32 /D _DEBUG /D _WINDOWS /D _WIN32_WINNT=0x0600 /D _UNICODE /D UNICODE /Gm /EHsc /RTC1 /MTd /GS /arch:SSE2 /fp:precise /Zc:wchar_t /Zc:forScope /Yc"stdafx.h" /Fp"Debug\ES Game Library.pch" /Fo"Debug\\" /Fd"Debug\vc120.pdb" /Gd /TP /analyze- /errorReport:prompt StdAfx.cpp
         StdAfx.cpp
     1>c:\users\fushianasan\desktop\sh_musicgame_es\es game library\extension\spine\fujiclasses\spine.h(14): error C2061: 構文エラー : 識別子 'Vector2'
     1>c:\users\fushianasan\desktop\sh_musicgame_es\es game library\extension\spine\fujiclasses\spine.h(15): error C2146: 構文エラー : ';' が、識別子 'GetPosition' の前に必要です。
     1>c:\users\fushianasan\desktop\sh_musicgame_es\es game library\extension\spine\fujiclasses\spine.h(15): error C2433: 'ISpine::Vector2' : 'virtual' はデータ宣言をするのに使用できません。
     1>c:\users\fushianasan\desktop\sh_musicgame_es\es game library\extension\spine\fujiclasses\spine.h(15): error C4430: 型指定子がありません - int と仮定しました。メモ: C++ は int を既定値としてサポートしていません
     1>c:\users\fushianasan\desktop\sh_musicgame_es\es game library\extension\spine\fujiclasses\spine.h(15): warning C4183: 'GetPosition': 戻り値の型がありません。'int' を返すメンバー関数とみなします。
     1>c:\users\fushianasan\desktop\sh_musicgame_es\es game library\extension\spine\fujiclasses\spine.h(15): error C2253: 'ISpine::GetPosition': 仮想関数が、純粋関数または抽象オーバーライド関数であると指定されています
     1>c:\users\fushianasan\desktop\sh_musicgame_es\es game library\extension\spine\fujiclasses\spine.h(39): error C2061: 構文エラー : 識別子 'Vector2'
     1>c:\users\fushianasan\desktop\sh_musicgame_es\es game library\extension\spine\fujiclasses\spine.h(43): error C2146: 構文エラー : ';' が、識別子 'GetPosition' の前に必要です。
     1>c:\users\fushianasan\desktop\sh_musicgame_es\es game library\extension\spine\fujiclasses\spine.h(43): error C2433: 'CSpine::Vector2' : 'virtual' はデータ宣言をするのに使用できません。
     1>c:\users\fushianasan\desktop\sh_musicgame_es\es game library\extension\spine\fujiclasses\spine.h(43): error C4430: 型指定子がありません - int と仮定しました。メモ: C++ は int を既定値としてサポートしていません
     1>c:\users\fushianasan\desktop\sh_musicgame_es\es game library\extension\spine\fujiclasses\spine.h(43): warning C4183: 'GetPosition': 戻り値の型がありません。'int' を返すメンバー関数とみなします。
     1>c:\users\fushianasan\desktop\sh_musicgame_es\es game library\extension\spine\fujiclasses\spine.h(40): error C2065: 'pos' : 定義されていない識別子です。
     1>c:\users\fushianasan\desktop\sh_musicgame_es\es game library\extension\spine\fujiclasses\spine.h(40): error C2228: '.x' の左側はクラス、構造体、共用体でなければなりません
                 型は 'unknown-type' です。
     1>c:\users\fushianasan\desktop\sh_musicgame_es\es game library\extension\spine\fujiclasses\spine.h(41): error C2065: 'pos' : 定義されていない識別子です。
     1>c:\users\fushianasan\desktop\sh_musicgame_es\es game library\extension\spine\fujiclasses\spine.h(41): error C2228: '.y' の左側はクラス、構造体、共用体でなければなりません
                 型は 'unknown-type' です。
     1>c:\users\fushianasan\desktop\sh_musicgame_es\es game library\extension\spine\fujiclasses\spine.h(43): error C3861: 'Vector2': 識別子が見つかりませんでした
     1>c:\users\fushianasan\desktop\sh_musicgame_es\es game library\extension\spine\fujiclasses\spine.h(74): error C2061: 構文エラー : 識別子 'Vector2'
     1>c:\users\fushianasan\desktop\sh_musicgame_es\es game library\extension\spine\fujiclasses\spine.h(75): error C2146: 構文エラー : ';' が、識別子 'GetPosition' の前に必要です。
     1>c:\users\fushianasan\desktop\sh_musicgame_es\es game library\extension\spine\fujiclasses\spine.h(75): error C2433: 'CNullSpine::Vector2' : 'virtual' はデータ宣言をするのに使用できません。
     1>c:\users\fushianasan\desktop\sh_musicgame_es\es game library\extension\spine\fujiclasses\spine.h(75): error C4430: 型指定子がありません - int と仮定しました。メモ: C++ は int を既定値としてサポートしていません
     1>c:\users\fushianasan\desktop\sh_musicgame_es\es game library\extension\spine\fujiclasses\spine.h(75): warning C4183: 'GetPosition': 戻り値の型がありません。'int' を返すメンバー関数とみなします。
     1>c:\users\fushianasan\desktop\sh_musicgame_es\es game library\extension\spine\fujiclasses\spine.h(75): error C2065: 'Vector2_Zero' : 定義されていない識別子です。
     1>プロジェクト "C:\Users\fushianasan\Desktop\SH_MusicGame_ES\ES Game Library\ES Game Library.vcxproj" (Build ターゲット) のビルドが終了しました -- 失敗。

ビルドに失敗しました。

経過時間 00:00:04.29
